[2019-10-04T13:46:56.419] [DEBUG] default - Starting Application...
[2019-10-04T13:46:56.422] [DEBUG] default - Application Started
[2019-10-04T13:48:34.652] [DEBUG] default - Starting Application...
[2019-10-04T13:48:34.655] [DEBUG] default - Application Started
[2019-10-04T13:50:17.945] [DEBUG] default - Starting Application...
[2019-10-04T13:50:17.948] [DEBUG] default - Application Started
[2019-10-04T14:06:52.995] [DEBUG] default - Starting Application...
[2019-10-04T14:06:52.999] [DEBUG] default - Application Started
[2019-10-04T14:26:01.812] [DEBUG] default - Starting Application...
[2019-10-04T14:26:01.815] [DEBUG] default - Application Started
[2019-10-04T14:28:54.406] [DEBUG] default - Starting Application...
[2019-10-04T14:28:54.409] [DEBUG] default - Application Started
[2019-10-04T14:29:28.152] [DEBUG] default - Starting Application...
[2019-10-04T14:29:28.155] [DEBUG] default - Application Started
[2019-10-04T14:31:48.785] [DEBUG] default - Starting Application...
[2019-10-04T14:31:48.788] [DEBUG] default - Application Started
[2019-10-04T15:16:40.360] [DEBUG] Starting Application...
[2019-10-04T15:16:40.363] [DEBUG] Application Started
[2019-10-04T15:17:25.378] [DEBUG] Starting Application...
[2019-10-04T15:17:25.381] [DEBUG] Application Started
[2019-10-04T15:18:32.710] [INFO] server Listening 3333
[2019-10-04T15:20:03.698] [INFO] Starting Application...
[2019-10-04T15:20:03.700] [INFO] Application Started
[2019-10-04T15:20:03.701] [INFO] server Listening 3333
[2019-10-04T15:20:19.087] [INFO] Starting Application...
[2019-10-04T15:20:19.090] [INFO] Application Started
[2019-10-04T15:20:19.091] [INFO] server Listening on port 3333
[2019-10-04T15:22:46.607] [INFO] Starting Application...
[2019-10-04T15:22:46.610] [INFO] Application Started
[2019-10-04T15:22:46.611] [INFO] server Listening on port 3333
[2019-10-04T15:23:49.142] [INFO] Starting Application...
[2019-10-04T15:23:49.145] [INFO] Application Started
[2019-10-04T15:23:49.146] [INFO] server Listening on port 3333
[2019-10-04T15:24:48.542] [INFO] Starting Application...
[2019-10-04T15:24:48.545] [INFO] Application Started
[2019-10-04T15:24:48.546] [INFO] server Listening on port 3333
[2019-10-04T15:25:51.608] [INFO] Starting Application...
[2019-10-04T15:25:51.611] [INFO] Application Started
[2019-10-04T15:25:51.612] [INFO] server Listening on port 3333
[2019-10-04T15:27:12.611] [INFO] Starting Application...
[2019-10-04T15:27:12.614] [INFO] Application Started
[2019-10-04T15:27:12.615] [INFO] server Listening on port 3333
[2019-10-04T15:28:08.634] [INFO] Starting Application...
[2019-10-04T15:28:08.637] [INFO] Application Started
[2019-10-04T15:28:08.638] [INFO] server Listening on port 3333
[2019-10-04T15:28:21.793] [INFO] Starting Application...
[2019-10-04T15:28:21.796] [INFO] Application Started
[2019-10-04T15:28:21.797] [INFO] server Listening on port 3333
[2019-10-04T15:28:38.301] [INFO] Starting Application...
[2019-10-04T15:28:38.304] [INFO] Application Started
[2019-10-04T15:28:38.305] [INFO] server Listening on port 3333
[2019-10-04T15:28:54.676] [INFO] Starting Application...
[2019-10-04T15:28:54.679] [INFO] Application Started
[2019-10-04T15:28:54.680] [INFO] server Listening on port 3333
[2019-10-04T15:29:05.124] [INFO] Starting Application...
[2019-10-04T15:29:05.127] [INFO] Application Started
[2019-10-04T15:29:05.128] [INFO] server Listening on port 3333
[2019-10-04T15:31:42.650] [INFO] Starting Application...
[2019-10-04T15:31:42.653] [INFO] Application Started
[2019-10-04T15:31:42.654] [INFO] server Listening on port 3333
[2019-10-04T15:32:25.685] [INFO] Starting Application...
[2019-10-04T15:32:25.688] [INFO] Application Started
[2019-10-04T15:32:25.689] [INFO] server Listening on port 3333
[2019-10-04T15:32:25.690] [INFO] [
  'nodeEnv must be one of the following values: production, develpment'
]
[2019-10-04T15:32:25.691] [INFO] [
  'nodeEnv must be one of the following values: production, develpment'
]
[2019-10-04T15:34:25.861] [INFO] Starting Application...
[2019-10-04T15:34:25.864] [INFO] Application Started
[2019-10-04T15:34:25.865] [INFO] server Listening on port 3333
[2019-10-04T15:34:25.867] [INFO] [
  'nodeEnv must be one of the following values: production, develpment'
]
[2019-10-04T15:34:25.867] [INFO] [
  'nodeEnv must be one of the following values: production, develpment'
]
[2019-10-04T15:35:04.159] [INFO] Starting Application...
[2019-10-04T15:35:04.161] [INFO] Application Started
[2019-10-04T15:35:04.162] [INFO] server Listening on port 3333
[2019-10-04T15:35:04.164] [INFO] [
  'nodeEnv must be one of the following values: production, develpment'
]
[2019-10-04T15:35:04.164] [INFO] [
  'nodeEnv must be one of the following values: production, develpment'
]
[2019-10-04T15:36:00.204] [INFO] Starting Application...
[2019-10-04T15:36:00.207] [INFO] Application Started
[2019-10-04T15:36:00.208] [INFO] server Listening on port 3333
[2019-10-04T15:36:02.680] [INFO] Starting Application...
[2019-10-04T15:36:02.683] [INFO] Application Started
[2019-10-04T15:36:02.684] [INFO] server Listening on port 3333
[2019-10-04T15:36:18.053] [INFO] Starting Application...
[2019-10-04T15:36:18.056] [INFO] Application Started
[2019-10-04T15:36:18.057] [INFO] server Listening on port 3333
[2019-10-04T15:37:27.776] [INFO] Starting Application...
[2019-10-04T15:37:27.779] [INFO] Application Started
[2019-10-04T15:37:27.779] [INFO] server Listening on port 3333
[2019-10-04T15:37:30.307] [INFO] Starting Application...
[2019-10-04T15:37:30.310] [INFO] Application Started
[2019-10-04T15:37:30.311] [INFO] server Listening on port 3333
[2019-10-04T15:37:37.035] [INFO] Starting Application...
[2019-10-04T15:37:37.038] [INFO] Application Started
[2019-10-04T15:37:37.038] [INFO] server Listening on port 3333
[2019-10-04T15:38:51.252] [INFO] Starting Application...
[2019-10-04T15:38:51.255] [INFO] Application Started
[2019-10-04T15:38:51.256] [INFO] server Listening on port 3333
[2019-10-04T15:38:51.258] [ERROR] nodeEnv must be one of the following values: production, develpment
[2019-10-04T15:38:51.258] [ERROR] nodeEnv must be one of the following values: production, develpment
[2019-10-04T15:39:13.328] [INFO] Starting Application...
[2019-10-04T15:39:13.331] [INFO] Application Started
[2019-10-04T15:39:13.332] [INFO] server Listening on port 3333
[2019-10-04T15:39:13.333] [ERROR] nodeEnv must be one of the following values: production, development
[2019-10-04T15:39:13.333] [ERROR] nodeEnv must be one of the following values: production, development
[2019-10-04T15:40:14.478] [INFO] Starting Application...
[2019-10-04T15:40:14.481] [INFO] Application Started
[2019-10-04T15:40:14.482] [INFO] Server Listening on port 3333
[2019-10-04T15:40:14.483] [ERROR] nodeEnv must be one of the following values: production, development
[2019-10-04T15:40:14.484] [ERROR] nodeEnv must be one of the following values: production, development
[2019-10-04T15:40:35.430] [INFO] Starting Application...
[2019-10-04T15:40:35.433] [INFO] Application Started
[2019-10-04T15:40:35.433] [INFO] Server Listening on port 3333
[2019-10-04T15:40:35.435] [ERROR] nodeEnv must be one of the following values: production, development
[2019-10-04T15:40:35.435] [ERROR] nodeEnv must be one of the following values: production, development
[2019-10-04T15:41:09.572] [INFO] Starting Application...
[2019-10-04T15:41:09.575] [INFO] Application Started
[2019-10-04T15:41:09.576] [INFO] Server Listening on port 3333
[2019-10-04T15:41:09.578] [ERROR] nodeEnv must be one of the following values: production, development
[2019-10-04T15:41:09.578] [ERROR] nodeEnv must be one of the following values: production, development
[2019-10-04T15:41:28.414] [INFO] Starting Application...
[2019-10-04T15:41:28.417] [INFO] Application Started
[2019-10-04T15:41:28.418] [INFO] Server Listening on port 3333
[2019-10-04T15:41:28.419] [ERROR] nodeEnv must be one of the following values: production, development
[2019-10-04T15:41:28.419] [ERROR] nodeEnv must be one of the following values: production, development
[2019-10-04T15:42:25.260] [INFO] Validating environment variables.
[2019-10-04T15:42:25.264] [INFO] Validating environment variables.
[2019-10-04T15:42:25.265] [INFO] Starting Application...
[2019-10-04T15:42:25.266] [INFO] Application Started
[2019-10-04T15:42:25.267] [INFO] Server Listening on port 3333
[2019-10-04T15:42:25.268] [ERROR] nodeEnv must be one of the following values: production, development
[2019-10-04T15:42:25.268] [ERROR] nodeEnv must be one of the following values: production, development
[2019-10-04T15:42:54.731] [INFO] Validating environment variables.
[2019-10-04T15:42:54.735] [INFO] Validating environment variables.
[2019-10-04T15:42:54.736] [INFO] Starting Application...
[2019-10-04T15:42:54.737] [INFO] Application Started
[2019-10-04T15:42:54.738] [INFO] Server Listening on port 3333
[2019-10-04T15:42:54.739] [ERROR] nodeEnv must be one of the following values: production, development
[2019-10-04T15:42:54.739] [ERROR] nodeEnv must be one of the following values: production, development
[2019-10-04T15:43:30.149] [INFO] Validating environment variables.
[2019-10-04T15:43:30.152] [INFO] Starting Application...
[2019-10-04T15:43:30.153] [INFO] Application Started
[2019-10-04T15:43:30.154] [INFO] Server Listening on port 3333
[2019-10-04T15:43:30.155] [ERROR] nodeEnv must be one of the following values: production, development
[2019-10-04T15:44:00.640] [INFO] Validating environment variables...
[2019-10-04T15:44:00.642] [INFO] Starting Application...
[2019-10-04T15:44:00.644] [INFO] Application Started
[2019-10-04T15:44:00.645] [INFO] Server Listening on port 3333
[2019-10-04T15:44:00.646] [ERROR] nodeEnv must be one of the following values: production, development
[2019-10-04T15:45:33.906] [INFO] Starting Application...
[2019-10-04T15:45:33.909] [INFO] Application Started
[2019-10-04T15:45:33.910] [INFO] Server Listening on port 3333
[2019-10-04T15:48:49.241] [INFO] Starting Application...
[2019-10-04T15:48:49.244] [INFO] Application Started
[2019-10-04T15:48:49.245] [INFO] Server Listening on port 3333
[2019-10-04T15:49:08.677] [INFO] Starting Application...
[2019-10-04T15:49:08.680] [INFO] Application Started
[2019-10-04T15:49:08.681] [INFO] Server Listening on port 3333
[2019-10-04T15:49:59.037] [INFO] Starting Application...
[2019-10-04T15:49:59.040] [INFO] Application Started
[2019-10-04T15:49:59.041] [INFO] Server Listening on port 3333
[2019-10-04T15:50:17.296] [INFO] Starting Application...
[2019-10-04T15:50:17.299] [INFO] Application Started
[2019-10-04T15:50:17.299] [INFO] Server Listening on port 3333
[2019-10-04T15:50:36.250] [INFO] Starting Application...
[2019-10-04T15:50:36.253] [INFO] Application Started
[2019-10-04T15:50:36.253] [INFO] Server Listening on port 3333
[2019-10-04T15:52:18.643] [INFO] Starting Application...
[2019-10-04T15:52:18.645] [INFO] Validating environment variables...
[2019-10-04T15:52:18.647] [INFO] Application Started
[2019-10-04T15:52:18.648] [INFO] Server Listening on port 3333
[2019-10-04T15:52:18.649] [ERROR] nodeEnv must be one of the following values: production, development
[2019-10-04T15:52:26.012] [INFO] Starting Application...
[2019-10-04T15:52:26.014] [INFO] Validating environment variables...
[2019-10-04T15:52:26.017] [INFO] Application Started
[2019-10-04T15:52:26.018] [INFO] Server Listening on port 3333
[2019-10-04T15:52:26.019] [ERROR] nodeEnv must be one of the following values: production, development
[2019-10-04T15:52:36.835] [INFO] Starting Application...
[2019-10-04T15:52:36.837] [INFO] Validating environment variables...
[2019-10-04T15:52:36.839] [INFO] Application Started
[2019-10-04T15:52:36.840] [INFO] Server Listening on port 3333
[2019-10-04T15:52:36.841] [ERROR] nodeEnv must be one of the following values: production, development
[2019-10-04T15:52:52.479] [INFO] Starting Application...
[2019-10-04T15:52:52.481] [INFO] Validating environment variables...
[2019-10-04T15:52:52.483] [INFO] Application Started
[2019-10-04T15:52:52.484] [INFO] Server Listening on port 3333
[2019-10-04T15:52:52.485] [ERROR] nodeEnv must be one of the following values: production, development
[2019-10-04T16:01:25.568] [INFO] Starting Application...
[2019-10-04T16:01:25.570] [INFO] Validating environment variables...
[2019-10-04T16:01:25.573] [INFO] Application Started
[2019-10-04T16:01:25.573] [INFO] Server Listening on port 3333
[2019-10-04T16:01:25.575] [ERROR] nodeEnv must be one of the following values: production, development
[2019-10-04T16:01:33.155] [INFO] Starting Application...
[2019-10-04T16:01:33.157] [INFO] Validating environment variables...
[2019-10-04T16:01:33.159] [INFO] Application Started
[2019-10-04T16:01:33.160] [INFO] Server Listening on port 3333
[2019-10-04T16:01:33.162] [ERROR] nodeEnv must be one of the following values: production, development
[2019-10-04T16:18:22.180] [INFO] Starting Application...
[2019-10-04T16:18:22.181] [INFO] Validating environment variables...
[2019-10-04T16:18:22.184] [INFO] Application Started
[2019-10-04T16:18:22.184] [INFO] Server Listening on port 3333
[2019-10-04T16:18:22.186] [ERROR] nodeEnv must be one of the following values: production, development
[2019-10-04T16:29:46.479] [INFO] Starting Application...
[2019-10-04T16:29:46.481] [INFO] Validating environment variables...
[2019-10-04T16:29:46.484] [INFO] Application Started
[2019-10-04T16:29:46.485] [INFO] Server Listening on port 3333
[2019-10-04T16:29:46.488] [ERROR] nodeEnv must be one of the following values: production, development
[2019-10-04T16:32:10.882] [INFO] Starting Application...
[2019-10-04T16:32:24.699] [INFO] Validating environment variables...
[2019-10-04T16:32:24.704] [INFO] Application Started
[2019-10-04T16:32:24.706] [INFO] Server Listening on port 3333
[2019-10-04T16:32:24.709] [ERROR] nodeEnv must be one of the following values: production, development
[2019-10-04T16:33:00.778] [INFO] Starting Application...
[2019-10-04T16:33:00.781] [INFO] Validating environment variables...
[2019-10-04T16:33:00.788] [INFO] Application Started
[2019-10-04T16:33:00.789] [INFO] Server Listening on port 3333
[2019-10-04T16:33:00.792] [ERROR] nodeEnv must be one of the following values: production, development
[2019-10-04T16:33:45.036] [INFO] Starting Application...
[2019-10-04T16:33:46.290] [INFO] Validating environment variables...
[2019-10-04T16:33:55.562] [INFO] Application Started
[2019-10-04T16:33:55.563] [INFO] Server Listening on port 3333
[2019-10-04T16:33:55.565] [ERROR] nodeEnv must be one of the following values: production, development
[2019-10-04T17:04:27.934] [INFO] Starting Application...
[2019-10-04T17:04:27.937] [INFO] Validating environment variables...
[2019-10-04T17:04:27.940] [INFO] Server Listening on port 3333
[2019-10-04T17:04:27.942] [INFO] Application Started
[2019-10-04T17:05:10.146] [INFO] Starting Application...
[2019-10-04T17:05:10.148] [INFO] Validating environment variables...
[2019-10-04T17:05:10.150] [INFO] Server Listening on port 3333
[2019-10-04T17:05:10.153] [INFO] Application Started
[2019-10-04T17:07:31.941] [INFO] Starting Application...
[2019-10-04T17:07:31.943] [INFO] Validating environment variables...
[2019-10-04T17:07:31.944] [INFO] Server Listening on port 3333
[2019-10-04T17:07:31.946] [INFO] Application Started
[2019-10-04T17:07:59.103] [INFO] Starting Application...
[2019-10-04T17:07:59.104] [INFO] Validating environment variables...
[2019-10-04T17:07:59.106] [INFO] Server Listening on port 3333
[2019-10-04T17:07:59.108] [INFO] Application Started
[2019-10-04T17:09:00.080] [INFO] Starting Application...
[2019-10-04T17:09:00.082] [INFO] Validating environment variables...
[2019-10-04T17:09:00.083] [INFO] Server Listening on port 3333
[2019-10-04T17:09:00.085] [INFO] Application Started
[2019-10-04T17:09:35.628] [INFO] Starting Application...
[2019-10-04T17:09:35.629] [INFO] Validating environment variables...
[2019-10-04T17:09:35.631] [INFO] Server Listening on port 3333
[2019-10-04T17:09:35.633] [INFO] Application Started
[2019-10-04T17:10:05.021] [INFO] Starting Application...
[2019-10-04T17:10:05.023] [INFO] Validating environment variables...
[2019-10-04T17:10:05.025] [INFO] Server Listening on port 3333
[2019-10-04T17:10:05.027] [INFO] Application Started
[2019-10-04T17:15:41.211] [INFO] Starting Application...
[2019-10-04T17:15:41.212] [INFO] Validating environment variables...
[2019-10-04T17:15:41.214] [INFO] Server Listening on port 3333
[2019-10-04T17:15:41.216] [INFO] Application Started
